<?xml version="1.0" encoding="UTF-8"?>
<!-- Generated by org.testng.reporters.JUnitXMLReporter -->
<testsuite hostname="Administrator" name="Surefire test" tests="3" failures="0" timestamp="7 May 2017 06:29:37 GMT" time="368.097" errors="0">
  <testcase name="test1" time="13.397" classname="samplestest.TestLoginSiteWithParameters"/>
  <testcase name="test1" time="164.408" classname="samplestest.TestLoginSiteWithParameters"/>
  <testcase name="test1" time="172.922" classname="samplestest.TestLoginSiteWithParameters"/>
</testsuite> <!-- Surefire test -->
