<?xml version="1.0" encoding="UTF-8"?>
<testng-results skipped="0" failed="0" total="3" passed="3">
  <reporter-output>
  </reporter-output>
  <suite name="Surefire suite" duration-ms="369988" started-at="2017-05-06T17:49:55Z" finished-at="2017-05-06T17:56:05Z">
    <groups>
      <group name="test">
        <method signature="TestLoginSiteWithParameters.test1(java.lang.String, java.lang.String)[pri:0, instance:samplestest.TestLoginSiteWithParameters@1dbb650b]" name="test1" class="samplestest.TestLoginSiteWithParameters"/>
      </group> <!-- test -->
    </groups>
    <test name="Surefire test" duration-ms="369988" started-at="2017-05-06T17:49:55Z" finished-at="2017-05-06T17:56:05Z">
      <class name="samplestest.TestLoginSiteWithParameters">
        <test-method status="PASS" signature="beforeMethod()[pri:0, instance:samplestest.TestLoginSiteWithParameters@1dbb650b]" name="beforeMethod" is-config="true" duration-ms="6587" started-at="2017-05-06T20:49:55Z" finished-at="2017-05-06T20:50:01Z">
          <reporter-output>
          </reporter-output>
        </test-method> <!-- beforeMethod -->
        <test-method status="PASS" signature="test1(java.lang.String, java.lang.String)[pri:0, instance:samplestest.TestLoginSiteWithParameters@1dbb650b]" name="test1" duration-ms="12944" started-at="2017-05-06T20:50:01Z" data-provider="Authentication" finished-at="2017-05-06T20:50:14Z">
          <params>
            <param index="0">
              <value is-null="true"/>
            </param>
            <param index="1">
              <value is-null="true"/>
            </param>
          </params>
          <reporter-output>
          </reporter-output>
        </test-method> <!-- test1 -->
        <test-method status="PASS" signature="afterMethod()[pri:0, instance:samplestest.TestLoginSiteWithParameters@1dbb650b]" name="afterMethod" is-config="true" duration-ms="0" started-at="2017-05-06T20:50:14Z" finished-at="2017-05-06T20:50:14Z">
          <reporter-output>
          </reporter-output>
        </test-method> <!-- afterMethod -->
        <test-method status="PASS" signature="beforeMethod()[pri:0, instance:samplestest.TestLoginSiteWithParameters@1dbb650b]" name="beforeMethod" is-config="true" duration-ms="4606" started-at="2017-05-06T20:50:14Z" finished-at="2017-05-06T20:50:19Z">
          <reporter-output>
          </reporter-output>
        </test-method> <!-- beforeMethod -->
        <test-method status="PASS" signature="test1(java.lang.String, java.lang.String)[pri:0, instance:samplestest.TestLoginSiteWithParameters@1dbb650b]" name="test1" duration-ms="162819" started-at="2017-05-06T20:50:19Z" data-provider="Authentication" finished-at="2017-05-06T20:53:02Z">
          <params>
            <param index="0">
              <value>
                <![CDATA[zolotoy18.12.1988@gmail.com]]>
              </value>
            </param>
            <param index="1">
              <value>
                <![CDATA[123]]>
              </value>
            </param>
          </params>
          <reporter-output>
          </reporter-output>
        </test-method> <!-- test1 -->
        <test-method status="PASS" signature="beforeMethod()[pri:0, instance:samplestest.TestLoginSiteWithParameters@1dbb650b]" name="beforeMethod" is-config="true" duration-ms="4653" started-at="2017-05-06T20:53:02Z" finished-at="2017-05-06T20:53:06Z">
          <reporter-output>
          </reporter-output>
        </test-method> <!-- beforeMethod -->
        <test-method status="PASS" signature="afterMethod()[pri:0, instance:samplestest.TestLoginSiteWithParameters@1dbb650b]" name="afterMethod" is-config="true" duration-ms="0" started-at="2017-05-06T20:53:02Z" finished-at="2017-05-06T20:53:02Z">
          <reporter-output>
          </reporter-output>
        </test-method> <!-- afterMethod -->
        <test-method status="PASS" signature="test1(java.lang.String, java.lang.String)[pri:0, instance:samplestest.TestLoginSiteWithParameters@1dbb650b]" name="test1" duration-ms="177050" started-at="2017-05-06T20:53:06Z" data-provider="Authentication" finished-at="2017-05-06T20:56:03Z">
          <params>
            <param index="0">
              <value>
                <![CDATA[zolotoy18.12.1988@gmail.com]]>
              </value>
            </param>
            <param index="1">
              <value>
                <![CDATA[samara]]>
              </value>
            </param>
          </params>
          <reporter-output>
          </reporter-output>
        </test-method> <!-- test1 -->
        <test-method status="PASS" signature="afterMethod()[pri:0, instance:samplestest.TestLoginSiteWithParameters@1dbb650b]" name="afterMethod" is-config="true" duration-ms="1219" started-at="2017-05-06T20:56:03Z" finished-at="2017-05-06T20:56:05Z">
          <reporter-output>
          </reporter-output>
        </test-method> <!-- afterMethod -->
      </class> <!-- samplestest.TestLoginSiteWithParameters -->
    </test> <!-- Surefire test -->
  </suite> <!-- Surefire suite -->
</testng-results>
